GET /
GET /
GET /
GET /favicon.ico
GET /
GET /favicon.ico
GET /trip
GET /favicon.ico
GET /cancel
GET /favicon.ico
GET /update
GET /about
GET /trip
GET /trip
GET /favicon.ico
GET /
GET /favicon.ico
GET /trip
GET /about
GET /cancel
GET /
GET /trip
GET /
GET /trip
GET /
GET /trip
GET /trip
GET /trip
GET /trip
GET /trip
GET /trip
GET /trip
GET /trip
GET /favicon.ico
GET /
GET /favicon.ico
GET /
GET /
GET /favicon.ico
GET /
GET /
GET /favicon.ico
GET /trip
GET /
GET /favicon.ico
GET /cancel
GET /cancel
GET /cancel
GET /cancel
GET /cancel
GET /cancel
GET /trip
GET /about
GET /trip
GET /about
GET /cancel
GET /about
GET /
GET /trip
GET /trip
GET /trip
GET /trip
GET /trip
GET /trip
GET /favicon.ico
GET /trip
GET /favicon.ico
GET /trip
GET /favicon.ico
GET /trip
GET /trip
GET /trip
GET /trip
GET /favicon.ico
GET /
GET /trip
GET /about
GET /trip
GET /trip
GET /favicon.ico
GET /trip
GET /favicon.ico
GET /trip
GET /favicon.ico
GET /trip
GET /favicon.ico
GET /trip
GET /favicon.ico
GET /trip
GET /favicon.ico
GET /trip
GET /trip
GET /favicon.ico
GET /
GET /favicon.ico
GET /trip
GET /favicon.ico
GET /trip
GET /favicon.ico
GET /trip
GET /favicon.ico
GET /trip
GET /favicon.ico
GET /trip
GET /favicon.ico
GET /trip
GET /favicon.ico
GET /trip
GET /favicon.ico
GET /trip
GET /favicon.ico
GET /trip
GET /favicon.ico
GET /trip
GET /trip
GET /favicon.ico
GET /trip
GET /favicon.ico
GET /trip
GET /favicon.ico
GET /trip
GET /cancel
GET /favicon.ico
GET /cancel
GET /favicon.ico
GET /cancel
GET /cancel
GET /cancel
GET /cancel
GET /favicon.ico
GET /cancel
GET /cancel
GET /cancel
GET /cancel
GET /cancel
GET /cancel
GET /about
GET /favicon.ico
GET /about
GET /w3images/lights.jpg
GET /w3images/nature.jpg
GET /w3images/fjords.jpg
GET /favicon.ico
GET /w3images/lights.jpg
GET /w3images/nature.jpg
GET /w3images/fjords.jpg
GET /w3images/lights.jpg
GET /w3images/nature.jpg
GET /w3images/fjords.jpg
GET /about
GET /favicon.ico
GET /w3images/nature.jpg
GET /w3images/fjords.jpg
GET /w3images/nature.jpg
GET /w3images/fjords.jpg
GET /about
GET /w3images/nature.jpg
GET /w3images/fjords.jpg
GET /w3images/nature.jpg
GET /w3images/fjords.jpg
GET /w3images/lights.jpg
GET /about
GET /w3images/fjords.jpg
GET /w3images/fjords.jpg
GET /favicon.ico
GET /w3images/nature.jpg
GET /favicon.ico
GET /about
GET /favicon.ico
GET /about
GET /favicon.ico
GET /about
GET /about
GET /favicon.ico
GET /about
GET /about
GET /favicon.ico
GET /favicon.ico
GET /about
GET /favicon.ico
GET /about
GET /favicon.ico
GET /about
GET /favicon.ico
GET /
GET /favicon.ico
GET /trip
GET /favicon.ico
GET /about
GET /
GET /favicon.ico
GET /
GET /favicon.ico
GET /
GET /favicon.ico
GET /
GET /favicon.ico
GET /
GET /
GET /favicon.ico
GET /
GET /favicon.ico
GET /
GET /favicon.ico
GET /
GET /favicon.ico
GET /trip
GET /favicon.ico
GET /about
GET /favicon.ico
GET /cancel
GET /
GET /favicon.ico
GET /
GET /favicon.ico
GET /trip
GET /favicon.ico
GET /about
GET /favicon.ico
GET /cancel
GET /trip
GET /trip
GET /favicon.ico
GET /trip
GET /favicon.ico
GET /
GET /favicon.ico
GET /trip
GET /about
GET /favicon.ico
GET /cancel
GET /
GET /
GET /favicon.ico
GET /
GET /
GET /
GET /favicon.ico
GET /
GET /favicon.ico
GET /
GET /
GET /favicon.ico
GET /
GET /
GET /
GET /
GET /
GET /
GET /
GET /
GET /
GET /
GET /
GET /
GET /
GET /
GET /trip
GET /about
GET /cancel
GET /
GET /trip
GET /about
GET /cancel
GET /
GET /
GET /
GET /
GET /
GET /
GET /
GET /
GET /
GET /
GET /
GET /trip
GET /about
GET /cancel
GET /
GET /
GET /
GET /
GET /
GET /
GET /
GET /
GET /
GET /
GET /
GET /
GET /
GET /
GET /
GET /
GET /
GET /
GET /
GET /
GET /
GET /trip
GET /about
GET /cancel
GET /
GET /trip
GET /about
GET /cancel
GET /
GET /
GET /update
GET /update
GET /
GET /
GET /favicon.ico
GET /
GET /favicon.ico
GET /trip
GET /favicon.ico
GET /about
GET /favicon.ico
GET /cancel
GET /update
GET /
GET /trip
GET /about
GET /
